<?xml version="1.0" encoding="UTF-8"?>
<!-- Generated by org.testng.reporters.JUnitReportReporter -->
<testsuite hostname="DESKTOP-UJMKBK7" failures="0" tests="1" name="Scripts.TestCase1" time="29.064" errors="0" timestamp="2022-04-30T20:18:50 IST" skipped="0">
  <testcase classname="Scripts.TestCase1" name="test1" time="29.064"/>
  <system-out/>
</testsuite> <!-- Scripts.TestCase1 -->
