<?xml version="1.0" encoding="UTF-8"?>
<!-- Generated by org.testng.reporters.JUnitReportReporter -->
<testsuite hostname="DESKTOP-UJMKBK7" failures="0" tests="1" name="Scripts.TestCase3" time="31.089" errors="0" timestamp="2022-05-02T21:25:01 IST" skipped="0">
  <testcase classname="Scripts.TestCase3" name="test1" time="31.089"/>
  <system-out/>
</testsuite> <!-- Scripts.TestCase3 -->
